<?xml version="1.0" encoding="UTF-8"?>
<!-- Generated by org.testng.reporters.JUnitReportReporter -->
<testsuite skipped="0" hostname="GANAKAYANTRA.local" name="com.Hiverhq.FlipkartAmazonSearch" tests="1" failures="0" timestamp="17 Nov 2019 08:02:01 GMT" time="9.924" errors="0">
  <testcase name="flipkartamazoncompare" time="9.924" classname="com.Hiverhq.FlipkartAmazonSearch"/>
</testsuite> <!-- com.Hiverhq.FlipkartAmazonSearch -->
