<?xml version="1.0" encoding="UTF-8"?>
<!-- Generated by org.testng.reporters.JUnitReportReporter -->
<testsuite skipped="0" hostname="GANAKAYANTRA.local" name="com.Hiverhq.FlipkartTest" tests="1" failures="0" timestamp="17 Nov 2019 08:01:56 GMT" time="10.075" errors="0">
  <testcase name="flipkart" time="10.075" classname="com.Hiverhq.FlipkartTest"/>
</testsuite> <!-- com.Hiverhq.FlipkartTest -->
