<?xml version="1.0" encoding="UTF-8"?>
<!-- Generated by org.testng.reporters.JUnitReportReporter -->
<testsuite skipped="0" hostname="GANAKAYANTRA.local" name="com.Hiverhq.AppTest" tests="1" failures="0" timestamp="12 Nov 2019 06:45:36 GMT" time="0.038" errors="0">
  <testcase name="testApp" time="0.038" classname="com.Hiverhq.AppTest"/>
</testsuite> <!-- com.Hiverhq.AppTest -->
